WARNING:root:{'error': HTTPError(), 'page_url': 'https://query1.finance.yahoo.com/v8/finance/chart/CAFD?interval=1d&period2=1501905571&period1=1496721571'}
WARNING:root:{'error': HTTPError(), 'page_url': 'https://query1.finance.yahoo.com/v8/finance/chart/ACCPW?interval=1d&period2=1501905574&period1=1496721574'}
WARNING:root:{'error': HTTPError(), 'page_url': 'https://query1.finance.yahoo.com/v8/finance/chart/ACCP?interval=1d&period2=1501905574&period1=1496721574'}
WARNING:root:{'error': HTTPError(), 'page_url': 'https://query1.finance.yahoo.com/v8/finance/chart/ADES?interval=1d&period2=1501905578&period1=1496721578'}
WARNING:root:{'error': HTTPError(), 'page_url': 'https://query1.finance.yahoo.com/v8/finance/chart/BOLT?interval=1d&period2=1501905610&period1=1496721610'}
WARNING:root:{'error': HTTPError(), 'page_url': 'https://query1.finance.yahoo.com/v8/finance/chart/BUFF?interval=1d&period2=1501905614&period1=1496721614'}
WARNING:root:{'error': HTTPError(), 'page_url': 'https://query1.finance.yahoo.com/v8/finance/chart/BLUE?interval=1d&period2=1501905614&period1=1496721614'}
WARNING:root:{'error': HTTPError(), 'page_url': 'https://query1.finance.yahoo.com/v8/finance/chart/BBRX?interval=1d&period2=1501905616&period1=1496721616'}
WARNING:root:{'error': HTTPError(), 'page_url': 'https://query1.finance.yahoo.com/v8/finance/chart/BOXL?interval=1d&period2=1501905616&period1=1496721616'}
WARNING:root:{'error': HTTPError(), 'page_url': 'https://query1.finance.yahoo.com/v8/finance/chart/CSTR?interval=1d&period2=1501905623&period1=1496721623'}
WARNING:root:{'error': HTTPError(), 'page_url': 'https://query1.finance.yahoo.com/v8/finance/chart/CCFI?interval=1d&period2=1501905645&period1=1496721645'}
WARNING:root:{'error': HTTPError(), 'page_url': 'https://query1.finance.yahoo.com/v8/finance/chart/CYBR?interval=1d&period2=1501905654&period1=1496721654'}
WARNING:root:{'error': HTTPError(), 'page_url': 'https://query1.finance.yahoo.com/v8/finance/chart/DRWI?interval=1d&period2=1501905663&period1=1496721663'}
WARNING:root:{'error': HTTPError(), 'page_url': 'https://query1.finance.yahoo.com/v8/finance/chart/IGLE?interval=1d&period2=1501905665&period1=1496721665'}
WARNING:root:{'error': HTTPError(), 'page_url': 'https://query1.finance.yahoo.com/v8/finance/chart/NDRA?interval=1d&period2=1501905670&period1=1496721670'}
WARNING:root:{'error': HTTPError(), 'page_url': 'https://query1.finance.yahoo.com/v8/finance/chart/EHR?interval=1d&period2=1501905670&period1=1496721670'}
WARNING:root:{'error': HTTPError(), 'page_url': 'https://query1.finance.yahoo.com/v8/finance/chart/XELAU?interval=1d&period2=1501905675&period1=1496721675'}
WARNING:root:{'error': HTTPError(), 'page_url': 'https://query1.finance.yahoo.com/v8/finance/chart/FKLY?interval=1d&period2=1501905698&period1=1496721698'}
WARNING:root:{'error': HTTPError(), 'page_url': 'https://query1.finance.yahoo.com/v8/finance/chart/FRAN?interval=1d&period2=1501905698&period1=1496721698'}
WARNING:root:{'error': HTTPError(), 'page_url': 'https://query1.finance.yahoo.com/v8/finance/chart/FKLYU?interval=1d&period2=1501905699&period1=1496721699'}
WARNING:root:{'error': HTTPError(), 'page_url': 'https://query1.finance.yahoo.com/v8/finance/chart/FMAX?interval=1d&period2=1501905700&period1=1496721700'}
WARNING:root:{'error': HTTPError(), 'page_url': 'https://query1.finance.yahoo.com/v8/finance/chart/GNST?interval=1d&period2=1501905703&period1=1496721703'}
WARNING:root:{'error': HTTPError(), 'page_url': 'https://query1.finance.yahoo.com/v8/finance/chart/HRMNW?interval=1d&period2=1501905717&period1=1496721717'}
WARNING:root:{'error': HTTPError(), 'page_url': 'https://query1.finance.yahoo.com/v8/finance/chart/HOPE?interval=1d&period2=1501905724&period1=1496721724'}
WARNING:root:{'error': HTTPError(), 'page_url': 'https://query1.finance.yahoo.com/v8/finance/chart/INCR?interval=1d&period2=1501905732&period1=1496721732'}
WARNING:root:{'error': HTTPError(), 'page_url': 'https://query1.finance.yahoo.com/v8/finance/chart/CAFD?interval=1d&period2=1501905766&period1=1496721766'}
WARNING:root:{'error': HTTPError(), 'page_url': 'https://query1.finance.yahoo.com/v8/finance/chart/ACCP?interval=1d&period2=1501905769&period1=1496721769'}
WARNING:root:{'error': HTTPError(), 'page_url': 'https://query1.finance.yahoo.com/v8/finance/chart/ACCPW?interval=1d&period2=1501905769&period1=1496721769'}
WARNING:root:{'error': HTTPError(), 'page_url': 'https://query1.finance.yahoo.com/v8/finance/chart/MAPI?interval=1d&period2=1501905771&period1=1496721771'}
WARNING:root:{'error': HTTPError(), 'page_url': 'https://query1.finance.yahoo.com/v8/finance/chart/ADES?interval=1d&period2=1501905773&period1=1496721773'}
WARNING:root:{'error': HTTPError(), 'page_url': 'https://query1.finance.yahoo.com/v8/finance/chart/MMDMU?interval=1d&period2=1501905783&period1=1496721783'}
WARNING:root:{'error': HTTPError(), 'page_url': 'https://query1.finance.yahoo.com/v8/finance/chart/NWBI?interval=1d&period2=1501905800&period1=1496721800'}
WARNING:root:{'error': HTTPError(), 'page_url': 'https://query1.finance.yahoo.com/v8/finance/chart/BOLT?interval=1d&period2=1501905808&period1=1496721808'}
WARNING:root:{'error': HTTPError(), 'page_url': 'https://query1.finance.yahoo.com/v8/finance/chart/OSPR?interval=1d&period2=1501905812&period1=1496721812'}
WARNING:root:{'error': HTTPError(), 'page_url': 'https://query1.finance.yahoo.com/v8/finance/chart/OTG?interval=1d&period2=1501905812&period1=1496721812'}
WARNING:root:{'error': HTTPError(), 'page_url': 'https://query1.finance.yahoo.com/v8/finance/chart/BUFF?interval=1d&period2=1501905813&period1=1496721813'}
WARNING:root:{'error': HTTPError(), 'page_url': 'https://query1.finance.yahoo.com/v8/finance/chart/BLUE?interval=1d&period2=1501905813&period1=1496721813'}
WARNING:root:{'error': HTTPError(), 'page_url': 'https://query1.finance.yahoo.com/v8/finance/chart/BOXL?interval=1d&period2=1501905814&period1=1496721814'}
WARNING:root:{'error': HTTPError(), 'page_url': 'https://query1.finance.yahoo.com/v8/finance/chart/BBRX?interval=1d&period2=1501905814&period1=1496721814'}
WARNING:root:{'error': HTTPError(), 'page_url': 'https://query1.finance.yahoo.com/v8/finance/chart/CSTR?interval=1d&period2=1501905824&period1=1496721824'}
WARNING:root:{'error': HTTPError(), 'page_url': 'https://query1.finance.yahoo.com/v8/finance/chart/CAFD?interval=1d&period2=1501905833&period1=1496721833'}
WARNING:root:{'error': HTTPError(), 'page_url': 'https://query1.finance.yahoo.com/v8/finance/chart/ACCP?interval=1d&period2=1501905836&period1=1496721836'}
WARNING:root:{'error': HTTPError(), 'page_url': 'https://query1.finance.yahoo.com/v8/finance/chart/ACCPW?interval=1d&period2=1501905836&period1=1496721836'}
WARNING:root:{'error': HTTPError(), 'page_url': 'https://query1.finance.yahoo.com/v8/finance/chart/ADES?interval=1d&period2=1501905840&period1=1496721840'}
WARNING:root:{'error': HTTPError(), 'page_url': 'https://query1.finance.yahoo.com/v8/finance/chart/CAFD?interval=1d&period2=1501905850&period1=1496721850'}
WARNING:root:{'info': 'unparsed', 'stock': 'CAFD'}
WARNING:root:{'error': HTTPError(), 'page_url': 'https://query1.finance.yahoo.com/v8/finance/chart/RARX?interval=1d&period2=1501905850&period1=1496721850'}
WARNING:root:{'error': HTTPError(), 'page_url': 'https://query1.finance.yahoo.com/v8/finance/chart/CCFI?interval=1d&period2=1501905851&period1=1496721851'}
WARNING:root:{'error': HTTPError(), 'page_url': 'https://query1.finance.yahoo.com/v8/finance/chart/ACCP?interval=1d&period2=1501905854&period1=1496721854'}
WARNING:root:{'info': 'unparsed', 'stock': 'ACCP'}
WARNING:root:{'error': HTTPError(), 'page_url': 'https://query1.finance.yahoo.com/v8/finance/chart/ACCPW?interval=1d&period2=1501905854&period1=1496721854'}
WARNING:root:{'info': 'unparsed', 'stock': 'ACCPW'}
WARNING:root:{'error': HTTPError(), 'page_url': 'https://query1.finance.yahoo.com/v8/finance/chart/ADES?interval=1d&period2=1501905860&period1=1496721860'}
WARNING:root:{'info': 'unparsed', 'stock': 'ADES'}
WARNING:root:{'error': HTTPError(), 'page_url': 'https://query1.finance.yahoo.com/v8/finance/chart/BOLT?interval=1d&period2=1501905893&period1=1496721893'}
WARNING:root:{'info': 'unparsed', 'stock': 'BOLT'}
WARNING:root:{'error': HTTPError(), 'page_url': 'https://query1.finance.yahoo.com/v8/finance/chart/BUFF?interval=1d&period2=1501905897&period1=1496721897'}
WARNING:root:{'info': 'unparsed', 'stock': 'BUFF'}
WARNING:root:{'error': HTTPError(), 'page_url': 'https://query1.finance.yahoo.com/v8/finance/chart/BLUE?interval=1d&period2=1501905897&period1=1496721897'}
WARNING:root:{'info': 'unparsed', 'stock': 'BLUE'}
WARNING:root:{'error': HTTPError(), 'page_url': 'https://query1.finance.yahoo.com/v8/finance/chart/BBRX?interval=1d&period2=1501905898&period1=1496721898'}
WARNING:root:{'error': HTTPError(), 'page_url': 'https://query1.finance.yahoo.com/v8/finance/chart/BOXL?interval=1d&period2=1501905898&period1=1496721898'}
WARNING:root:{'info': 'unparsed', 'stock': 'BBRX'}
WARNING:root:{'info': 'unparsed', 'stock': 'BOXL'}
WARNING:root:{'error': HTTPError(), 'page_url': 'https://query1.finance.yahoo.com/v8/finance/chart/CSTR?interval=1d&period2=1501905905&period1=1496721905'}
WARNING:root:{'info': 'unparsed', 'stock': 'CSTR'}
WARNING:root:{'error': HTTPError(), 'page_url': 'https://query1.finance.yahoo.com/v8/finance/chart/CCFI?interval=1d&period2=1501905924&period1=1496721924'}
WARNING:root:{'info': 'unparsed', 'stock': 'CCFI'}
WARNING:root:{'error': HTTPError(), 'page_url': 'https://query1.finance.yahoo.com/v8/finance/chart/CYBR?interval=1d&period2=1501905933&period1=1496721933'}
WARNING:root:{'info': 'unparsed', 'stock': 'CYBR'}
WARNING:root:{'error': HTTPError(), 'page_url': 'https://query1.finance.yahoo.com/v8/finance/chart/DRWI?interval=1d&period2=1501905941&period1=1496721941'}
WARNING:root:{'info': 'unparsed', 'stock': 'DRWI'}
WARNING:root:{'error': HTTPError(), 'page_url': 'https://query1.finance.yahoo.com/v8/finance/chart/IGLE?interval=1d&period2=1501905943&period1=1496721943'}
WARNING:root:{'info': 'unparsed', 'stock': 'IGLE'}
WARNING:root:{'error': HTTPError(), 'page_url': 'https://query1.finance.yahoo.com/v8/finance/chart/NDRA?interval=1d&period2=1501905948&period1=1496721948'}
WARNING:root:{'info': 'unparsed', 'stock': 'NDRA'}
WARNING:root:{'error': HTTPError(), 'page_url': 'https://query1.finance.yahoo.com/v8/finance/chart/EHR?interval=1d&period2=1501905948&period1=1496721948'}
WARNING:root:{'info': 'unparsed', 'stock': 'EHR'}
WARNING:root:{'error': HTTPError(), 'page_url': 'https://query1.finance.yahoo.com/v8/finance/chart/XELAU?interval=1d&period2=1501905953&period1=1496721953'}
WARNING:root:{'info': 'unparsed', 'stock': 'XELAU'}
WARNING:root:{'error': HTTPError(), 'page_url': 'https://query1.finance.yahoo.com/v8/finance/chart/FFBCW?interval=1d&period2=1501905958&period1=1496721958'}
WARNING:root:{'info': 'unparsed', 'stock': 'FFBCW'}
WARNING:root:{'error': HTTPError(), 'page_url': 'https://query1.finance.yahoo.com/v8/finance/chart/FRAN?interval=1d&period2=1501905974&period1=1496721974'}
WARNING:root:{'info': 'unparsed', 'stock': 'FRAN'}
WARNING:root:{'error': HTTPError(), 'page_url': 'https://query1.finance.yahoo.com/v8/finance/chart/FKLY?interval=1d&period2=1501905974&period1=1496721974'}
WARNING:root:{'info': 'unparsed', 'stock': 'FKLY'}
WARNING:root:{'error': HTTPError(), 'page_url': 'https://query1.finance.yahoo.com/v8/finance/chart/FKLYU?interval=1d&period2=1501905974&period1=1496721974'}
WARNING:root:{'info': 'unparsed', 'stock': 'FKLYU'}
WARNING:root:{'error': HTTPError(), 'page_url': 'https://query1.finance.yahoo.com/v8/finance/chart/FMAX?interval=1d&period2=1501905975&period1=1496721975'}
WARNING:root:{'info': 'unparsed', 'stock': 'FMAX'}
WARNING:root:{'error': HTTPError(), 'page_url': 'https://query1.finance.yahoo.com/v8/finance/chart/GNST?interval=1d&period2=1501905978&period1=1496721978'}
WARNING:root:{'info': 'unparsed', 'stock': 'GNST'}
WARNING:root:{'error': HTTPError(), 'page_url': 'https://query1.finance.yahoo.com/v8/finance/chart/HRMNW?interval=1d&period2=1501905992&period1=1496721992'}
WARNING:root:{'info': 'unparsed', 'stock': 'HRMNW'}
WARNING:root:{'error': HTTPError(), 'page_url': 'https://query1.finance.yahoo.com/v8/finance/chart/HOPE?interval=1d&period2=1501905997&period1=1496721997'}
WARNING:root:{'info': 'unparsed', 'stock': 'HOPE'}
WARNING:root:{'error': HTTPError(), 'page_url': 'https://query1.finance.yahoo.com/v8/finance/chart/INCR?interval=1d&period2=1501906004&period1=1496722004'}
WARNING:root:{'info': 'unparsed', 'stock': 'INCR'}
WARNING:root:{'info': 'unparsed', 'stock': 'IVFGC'}
WARNING:root:{'info': 'unparsed', 'stock': 'IVFVC'}
WARNING:root:{'error': HTTPError(), 'page_url': 'https://query1.finance.yahoo.com/v8/finance/chart/MAPI?interval=1d&period2=1501906041&period1=1496722041'}
WARNING:root:{'info': 'unparsed', 'stock': 'MAPI'}
WARNING:root:{'error': HTTPError(), 'page_url': 'https://query1.finance.yahoo.com/v8/finance/chart/MMDMU?interval=1d&period2=1501906053&period1=1496722053'}
WARNING:root:{'info': 'unparsed', 'stock': 'MMDMU'}
WARNING:root:{'error': HTTPError(), 'page_url': 'https://query1.finance.yahoo.com/v8/finance/chart/MOTA?interval=1d&period2=1501906055&period1=1496722055'}
WARNING:root:{'error': HTTPError(), 'page_url': 'https://query1.finance.yahoo.com/v8/finance/chart/MOTAW?interval=1d&period2=1501906055&period1=1496722055'}
WARNING:root:{'info': 'unparsed', 'stock': 'MOTA'}
WARNING:root:{'info': 'unparsed', 'stock': 'MOTAW'}
WARNING:root:{'info': 'unparsed', 'stock': 'NBCP'}
WARNING:root:{'error': HTTPError(), 'page_url': 'https://query1.finance.yahoo.com/v8/finance/chart/NWBI?interval=1d&period2=1501906070&period1=1496722070'}
WARNING:root:{'info': 'unparsed', 'stock': 'NWBI'}
WARNING:root:{'error': HTTPError(), 'page_url': 'https://query1.finance.yahoo.com/v8/finance/chart/OTG?interval=1d&period2=1501906082&period1=1496722082'}
WARNING:root:{'info': 'unparsed', 'stock': 'OTG'}
WARNING:root:{'error': HTTPError(), 'page_url': 'https://query1.finance.yahoo.com/v8/finance/chart/OSPR?interval=1d&period2=1501906082&period1=1496722082'}
WARNING:root:{'info': 'unparsed', 'stock': 'OSPR'}
WARNING:root:{'error': HTTPError(), 'page_url': 'https://query1.finance.yahoo.com/v8/finance/chart/RARX?interval=1d&period2=1501906114&period1=1496722114'}
WARNING:root:{'info': 'unparsed', 'stock': 'RARX'}
WARNING:root:{'error': HTTPError(), 'page_url': 'https://query1.finance.yahoo.com/v8/finance/chart/RSAS?interval=1d&period2=1501906119&period1=1496722119'}
WARNING:root:{'info': 'unparsed', 'stock': 'RSAS'}
WARNING:root:{'info': 'unparsed', 'stock': 'RBIO'}
WARNING:root:{'error': HTTPError(), 'page_url': 'https://query1.finance.yahoo.com/v8/finance/chart/ROKA?interval=1d&period2=1501906122&period1=1496722122'}
WARNING:root:{'info': 'unparsed', 'stock': 'ROKA'}
WARNING:root:{'error': HTTPError(), 'page_url': 'https://query1.finance.yahoo.com/v8/finance/chart/SHLDW?interval=1d&period2=1501906128&period1=1496722128'}
WARNING:root:{'info': 'unparsed', 'stock': 'SHLDW'}
WARNING:root:{'error': HTTPError(), 'page_url': 'https://query1.finance.yahoo.com/v8/finance/chart/SIR?interval=1d&period2=1501906129&period1=1496722129'}
WARNING:root:{'info': 'unparsed', 'stock': 'SIR'}
WARNING:root:{'error': HTTPError(), 'page_url': 'https://query1.finance.yahoo.com/v8/finance/chart/SCCI?interval=1d&period2=1501906132&period1=1496722132'}
WARNING:root:{'info': 'unparsed', 'stock': 'SCCI'}
WARNING:root:{'error': HTTPError(), 'page_url': 'https://query1.finance.yahoo.com/v8/finance/chart/SBNYW?interval=1d&period2=1501906134&period1=1496722134'}
WARNING:root:{'info': 'unparsed', 'stock': 'SBNYW'}
WARNING:root:{'info': 'unparsed', 'stock': 'SRVA'}
WARNING:root:{'error': HTTPError(), 'page_url': 'https://query1.finance.yahoo.com/v8/finance/chart/TCBIW?interval=1d&period2=1501906157&period1=1496722157'}
WARNING:root:{'info': 'unparsed', 'stock': 'TCBIW'}
WARNING:root:{'error': HTTPError(), 'page_url': 'https://query1.finance.yahoo.com/v8/finance/chart/VERI?interval=1d&period2=1501906184&period1=1496722184'}
WARNING:root:{'info': 'unparsed', 'stock': 'VERI'}
WARNING:root:{'error': HTTPError(), 'page_url': 'https://query1.finance.yahoo.com/v8/finance/chart/VMET?interval=1d&period2=1501906184&period1=1496722184'}
WARNING:root:{'info': 'unparsed', 'stock': 'VMET'}
WARNING:root:{'error': HTTPError(), 'page_url': 'https://query1.finance.yahoo.com/v8/finance/chart/VIST?interval=1d&period2=1501906188&period1=1496722188'}
WARNING:root:{'info': 'unparsed', 'stock': 'VIST'}
WARNING:root:{'error': HTTPError(), 'page_url': 'https://query1.finance.yahoo.com/v8/finance/chart/WAFDW?interval=1d&period2=1501906189&period1=1496722189'}
WARNING:root:{'info': 'unparsed', 'stock': 'WAFDW'}
WARNING:root:{'error': HTTPError(), 'page_url': 'https://query1.finance.yahoo.com/v8/finance/chart/WNFM?interval=1d&period2=1501906190&period1=1496722190'}
WARNING:root:{'info': 'unparsed', 'stock': 'WNFM'}
WARNING:root:{'error': HTTPError(), 'page_url': 'https://query1.finance.yahoo.com/v8/finance/chart/WTFCW?interval=1d&period2=1501906194&period1=1496722194'}
WARNING:root:{'info': 'unparsed', 'stock': 'WTFCW'}
WARNING:root:{'error': HTTPError(), 'page_url': 'https://query1.finance.yahoo.com/v8/finance/chart/YOGA?interval=1d&period2=1501906202&period1=1496722202'}
WARNING:root:{'info': 'unparsed', 'stock': 'YOGA'}
WARNING:root:{'error': HTTPError(), 'page_url': 'https://query1.finance.yahoo.com/v8/finance/chart/ZNWAA?interval=1d&period2=1501906203&period1=1496722203'}
WARNING:root:{'info': 'unparsed', 'stock': 'ZNWAA'}
WARNING:root:{'error': HTTPError(), 'page_url': 'https://query1.finance.yahoo.com/v8/finance/chart/ZIONW?interval=1d&period2=1501906203&period1=1496722203'}
WARNING:root:{'info': 'unparsed', 'stock': 'ZIONW'}
WARNING:root:{'error': HTTPError(), 'page_url': 'https://query1.finance.yahoo.com/v8/finance/chart/ABEOW?interval=1d&period2=1501906450&period1=1496722450'}
WARNING:root:{'error': HTTPError(), 'page_url': 'https://query1.finance.yahoo.com/v8/finance/chart/ACCPW?interval=1d&period2=1501906451&period1=1496722451'}
WARNING:root:{'error': HTTPError(), 'page_url': 'https://query1.finance.yahoo.com/v8/finance/chart/ACCP?interval=1d&period2=1501906451&period1=1496722451'}
WARNING:root:{'error': HTTPError(), 'page_url': 'https://query1.finance.yahoo.com/v8/finance/chart/ADXSW?interval=1d&period2=1501906454&period1=1496722454'}
WARNING:root:{'error': HTTPError(), 'page_url': 'https://query1.finance.yahoo.com/v8/finance/chart/ANDAW?interval=1d&period2=1501906468&period1=1496722468'}
WARNING:root:{'error': HTTPError(), 'page_url': 'https://query1.finance.yahoo.com/v8/finance/chart/APDNW?interval=1d&period2=1501906470&period1=1496722470'}
WARNING:root:{'error': HTTPError(), 'page_url': 'https://query1.finance.yahoo.com/v8/finance/chart/AXARW?interval=1d&period2=1501906482&period1=1496722482'}
WARNING:root:{'error': HTTPError(), 'page_url': 'https://query1.finance.yahoo.com/v8/finance/chart/AHPAW?interval=1d&period2=1501906482&period1=1496722482'}
WARNING:root:{'error': HTTPError(), 'page_url': 'https://query1.finance.yahoo.com/v8/finance/chart/BHACW?interval=1d&period2=1501906486&period1=1496722486'}
WARNING:root:{'error': HTTPError(), 'page_url': 'https://query1.finance.yahoo.com/v8/finance/chart/BNTCW?interval=1d&period2=1501906488&period1=1496722488'}
WARNING:root:{'error': HTTPError(), 'page_url': 'https://query1.finance.yahoo.com/v8/finance/chart/BVXVW?interval=1d&period2=1501906489&period1=1496722489'}
WARNING:root:{'error': HTTPError(), 'page_url': 'https://query1.finance.yahoo.com/v8/finance/chart/BOLT?interval=1d&period2=1501906489&period1=1496722489'}
WARNING:root:{'error': HTTPError(), 'page_url': 'https://query1.finance.yahoo.com/v8/finance/chart/BCACW?interval=1d&period2=1501906490&period1=1496722490'}
WARNING:root:{'error': HTTPError(), 'page_url': 'https://query1.finance.yahoo.com/v8/finance/chart/BOXL?interval=1d&period2=1501906494&period1=1496722494'}
WARNING:root:{'error': HTTPError(), 'page_url': 'https://query1.finance.yahoo.com/v8/finance/chart/BLVDW?interval=1d&period2=1501906494&period1=1496722494'}
WARNING:root:{'error': HTTPError(), 'page_url': 'https://query1.finance.yahoo.com/v8/finance/chart/BBRX?interval=1d&period2=1501906494&period1=1496722494'}
WARNING:root:{'error': HTTPError(), 'page_url': 'https://query1.finance.yahoo.com/v8/finance/chart/APOPW?interval=1d&period2=1501906506&period1=1496722506'}
WARNING:root:{'error': HTTPError(), 'page_url': 'https://query1.finance.yahoo.com/v8/finance/chart/CLRBW?interval=1d&period2=1501906506&period1=1496722506'}
WARNING:root:{'error': HTTPError(), 'page_url': 'https://query1.finance.yahoo.com/v8/finance/chart/CETXW?interval=1d&period2=1501906507&period1=1496722507'}
WARNING:root:{'error': HTTPError(), 'page_url': 'https://query1.finance.yahoo.com/v8/finance/chart/CERCW?interval=1d&period2=1501906508&period1=1496722508'}
WARNING:root:{'error': HTTPError(), 'page_url': 'https://query1.finance.yahoo.com/v8/finance/chart/CFCOW?interval=1d&period2=1501906509&period1=1496722509'}
WARNING:root:{'error': HTTPError(), 'page_url': 'https://query1.finance.yahoo.com/v8/finance/chart/CHEKW?interval=1d&period2=1501906510&period1=1496722510'}
WARNING:root:{'error': HTTPError(), 'page_url': 'https://query1.finance.yahoo.com/v8/finance/chart/ABEOW?interval=1d&period2=1501906520&period1=1496722520'}
WARNING:root:{'error': HTTPError(), 'page_url': 'https://query1.finance.yahoo.com/v8/finance/chart/ACCP?interval=1d&period2=1501906521&period1=1496722521'}
WARNING:root:{'error': HTTPError(), 'page_url': 'https://query1.finance.yahoo.com/v8/finance/chart/ACCPW?interval=1d&period2=1501906521&period1=1496722521'}
WARNING:root:{'error': HTTPError(), 'page_url': 'https://query1.finance.yahoo.com/v8/finance/chart/ADXSW?interval=1d&period2=1501906525&period1=1496722525'}
WARNING:root:{'error': HTTPError(), 'page_url': 'https://query1.finance.yahoo.com/v8/finance/chart/ABEOW?interval=1d&period2=1501906585&period1=1496722585'}
WARNING:root:{'info': 'unparsed', 'stock': 'ABEOW'}
WARNING:root:{'error': HTTPError(), 'page_url': 'https://query1.finance.yahoo.com/v8/finance/chart/ACCPW?interval=1d&period2=1501906586&period1=1496722586'}
WARNING:root:{'info': 'unparsed', 'stock': 'ACCPW'}
WARNING:root:{'error': HTTPError(), 'page_url': 'https://query1.finance.yahoo.com/v8/finance/chart/ACCP?interval=1d&period2=1501906586&period1=1496722586'}
WARNING:root:{'info': 'unparsed', 'stock': 'ACCP'}
WARNING:root:{'error': HTTPError(), 'page_url': 'https://query1.finance.yahoo.com/v8/finance/chart/ADXSW?interval=1d&period2=1501906591&period1=1496722591'}
WARNING:root:{'info': 'unparsed', 'stock': 'ADXSW'}
WARNING:root:{'error': HTTPError(), 'page_url': 'https://query1.finance.yahoo.com/v8/finance/chart/ANDAW?interval=1d&period2=1501906605&period1=1496722605'}
WARNING:root:{'info': 'unparsed', 'stock': 'ANDAW'}
WARNING:root:{'error': HTTPError(), 'page_url': 'https://query1.finance.yahoo.com/v8/finance/chart/APDNW?interval=1d&period2=1501906608&period1=1496722608'}
WARNING:root:{'info': 'unparsed', 'stock': 'APDNW'}
WARNING:root:{'error': HTTPError(), 'page_url': 'https://query1.finance.yahoo.com/v8/finance/chart/ABEOW?range=1d&interval=1m'}
WARNING:root:{'error': HTTPError(), 'page_url': 'https://query1.finance.yahoo.com/v8/finance/chart/ACCPW?range=1d&interval=1m'}
WARNING:root:{'error': HTTPError(), 'page_url': 'https://query1.finance.yahoo.com/v8/finance/chart/ACCP?range=1d&interval=1m'}
WARNING:root:{'info': 'unparsed', 'stock': 'SQZZ'}
WARNING:root:{'error': HTTPError(), 'page_url': 'https://query1.finance.yahoo.com/v8/finance/chart/ADXSW?range=1d&interval=1m'}
WARNING:root:{'info': 'unparsed', 'stock': 'AGFSW'}
WARNING:root:{'info': 'unparsed', 'stock': 'SWIN'}
WARNING:root:{'info': 'unparsed', 'stock': 'AYA'}
WARNING:root:{'info': 'unparsed', 'stock': 'AMBCW'}
WARNING:root:{'info': 'unparsed', 'stock': 'ANDA'}
WARNING:root:{'info': 'unparsed', 'stock': 'ANDAR'}
WARNING:root:{'error': HTTPError(), 'page_url': 'https://query1.finance.yahoo.com/v8/finance/chart/ANDAW?range=1d&interval=1m'}
WARNING:root:{'error': HTTPError(), 'page_url': 'https://query1.finance.yahoo.com/v8/finance/chart/APDNW?range=1d&interval=1m'}
WARNING:root:{'info': 'unparsed', 'stock': 'ANDAU'}
WARNING:root:{'info': 'unparsed', 'stock': 'DWAT'}
WARNING:root:{'info': 'unparsed', 'stock': 'AAME'}
WARNING:root:{'info': 'unparsed', 'stock': 'AAPC'}
WARNING:root:{'info': 'unparsed', 'stock': 'AFHBL'}
WARNING:root:{'info': 'unparsed', 'stock': 'AUBN'}
WARNING:root:{'error': HTTPError(), 'page_url': 'https://query1.finance.yahoo.com/v8/finance/chart/ABEOW?range=1d&interval=1m'}
WARNING:root:{'error': HTTPError(), 'page_url': 'https://query1.finance.yahoo.com/v8/finance/chart/ACCPW?range=1d&interval=1m'}
WARNING:root:{'info': 'unparsed', 'stock': 'AHPA'}
WARNING:root:{'info': 'unparsed', 'stock': 'AXARU'}
WARNING:root:{'error': HTTPError(), 'page_url': 'https://query1.finance.yahoo.com/v8/finance/chart/AHPAW?range=1d&interval=1m'}
WARNING:root:{'error': HTTPError(), 'page_url': 'https://query1.finance.yahoo.com/v8/finance/chart/ACCP?range=1d&interval=1m'}
WARNING:root:{'info': 'unparsed', 'stock': 'SQZZ'}
WARNING:root:{'info': 'unparsed', 'stock': 'AXAR'}
WARNING:root:{'info': 'unparsed', 'stock': 'BCOM'}
WARNING:root:{'error': HTTPError(), 'page_url': 'https://query1.finance.yahoo.com/v8/finance/chart/AXARW?range=1d&interval=1m'}
WARNING:root:{'error': HTTPError(), 'page_url': 'https://query1.finance.yahoo.com/v8/finance/chart/ADXSW?range=1d&interval=1m'}
WARNING:root:{'info': 'unparsed', 'stock': 'AGFSW'}
WARNING:root:{'info': 'unparsed', 'stock': 'SWIN'}
WARNING:root:{'info': 'unparsed', 'stock': 'AYA'}
WARNING:root:{'info': 'unparsed', 'stock': 'AMBCW'}
WARNING:root:{'info': 'unparsed', 'stock': 'ANDA'}
WARNING:root:{'info': 'unparsed', 'stock': 'ANDAU'}
WARNING:root:{'error': HTTPError(), 'page_url': 'https://query1.finance.yahoo.com/v8/finance/chart/ANDAW?range=1d&interval=1m'}
WARNING:root:{'info': 'unparsed', 'stock': 'ANDAR'}
WARNING:root:{'error': HTTPError(), 'page_url': 'https://query1.finance.yahoo.com/v8/finance/chart/APDNW?range=1d&interval=1m'}
WARNING:root:{'info': 'unparsed', 'stock': 'DWAT'}
WARNING:root:{'info': 'unparsed', 'stock': 'AAPC'}
WARNING:root:{'info': 'unparsed', 'stock': 'AAME'}
WARNING:root:{'info': 'unparsed', 'stock': 'AFHBL'}
WARNING:root:{'info': 'unparsed', 'stock': 'AUBN'}
WARNING:root:{'info': 'unparsed', 'stock': 'AXAR'}
WARNING:root:{'error': HTTPError(), 'page_url': 'https://query1.finance.yahoo.com/v8/finance/chart/AHPAW?range=1d&interval=1m'}
WARNING:root:{'info': 'unparsed', 'stock': 'AXARU'}
WARNING:root:{'info': 'unparsed', 'stock': 'AHPA'}
WARNING:root:{'error': HTTPError(), 'page_url': 'https://query1.finance.yahoo.com/v8/finance/chart/AXARW?range=1d&interval=1m'}
WARNING:root:{'info': 'unparsed', 'stock': 'BCOM'}
WARNING:root:{'info': 'unparsed', 'stock': 'BANFP'}
WARNING:root:{'info': 'unparsed', 'stock': 'BMLP'}
WARNING:root:{'info': 'unparsed', 'stock': 'BHAC'}
WARNING:root:{'info': 'unparsed', 'stock': 'BOTJ'}
WARNING:root:{'info': 'unparsed', 'stock': 'BHACR'}
WARNING:root:{'info': 'unparsed', 'stock': 'BHACU'}
WARNING:root:{'error': HTTPError(), 'page_url': 'https://query1.finance.yahoo.com/v8/finance/chart/BHACW?range=1d&interval=1m'}
WARNING:root:{'error': HTTPError(), 'page_url': 'https://query1.finance.yahoo.com/v8/finance/chart/BNTCW?range=1d&interval=1m'}
WARNING:root:{'error': HTTPError(), 'page_url': 'https://query1.finance.yahoo.com/v8/finance/chart/ABEOW?range=1d&interval=1m'}
WARNING:root:{'error': HTTPError(), 'page_url': 'https://query1.finance.yahoo.com/v8/finance/chart/BOLT?range=1d&interval=1m'}
WARNING:root:{'error': HTTPError(), 'page_url': 'https://query1.finance.yahoo.com/v8/finance/chart/ACCPW?range=1d&interval=1m'}
WARNING:root:{'error': HTTPError(), 'page_url': 'https://query1.finance.yahoo.com/v8/finance/chart/ACCP?range=1d&interval=1m'}
WARNING:root:{'error': HTTPError(), 'page_url': 'https://query1.finance.yahoo.com/v8/finance/chart/BVXVW?range=1d&interval=1m'}
WARNING:root:{'error': HTTPError(), 'page_url': 'https://query1.finance.yahoo.com/v8/finance/chart/ADXSW?range=1d&interval=1m'}
WARNING:root:{'info': 'unparsed', 'stock': 'BCACU'}
WARNING:root:{'info': 'unparsed', 'stock': 'ADRA'}
WARNING:root:{'info': 'unparsed', 'stock': 'ADRU'}
WARNING:root:{'info': 'unparsed', 'stock': 'BPFHW'}
WARNING:root:{'error': HTTPError(), 'page_url': 'https://query1.finance.yahoo.com/v8/finance/chart/BCACW?range=1d&interval=1m'}
WARNING:root:{'error': HTTPError(), 'page_url': 'https://query1.finance.yahoo.com/v8/finance/chart/BLVDW?range=1d&interval=1m'}
WARNING:root:{'error': HTTPError(), 'page_url': 'https://query1.finance.yahoo.com/v8/finance/chart/BBRX?range=1d&interval=1m'}
WARNING:root:{'error': HTTPError(), 'page_url': 'https://query1.finance.yahoo.com/v8/finance/chart/BOXL?range=1d&interval=1m'}
WARNING:root:{'info': 'unparsed', 'stock': 'BVSN'}
WARNING:root:{'info': 'unparsed', 'stock': 'BMLA'}
WARNING:root:{'info': 'unparsed', 'stock': 'CFNB'}
WARNING:root:{'info': 'unparsed', 'stock': 'CATYW'}
WARNING:root:{'error': HTTPError(), 'page_url': 'https://query1.finance.yahoo.com/v8/finance/chart/APOPW?range=1d&interval=1m'}
WARNING:root:{'error': HTTPError(), 'page_url': 'https://query1.finance.yahoo.com/v8/finance/chart/CLRBW?range=1d&interval=1m'}
WARNING:root:{'error': HTTPError(), 'page_url': 'https://query1.finance.yahoo.com/v8/finance/chart/ACCP?range=1d&interval=1m'}
WARNING:root:{'info': 'unparsed', 'stock': 'ACCP'}
WARNING:root:{'error': HTTPError(), 'page_url': 'https://query1.finance.yahoo.com/v8/finance/chart/ACCPW?range=1d&interval=1m'}
WARNING:root:{'info': 'unparsed', 'stock': 'ACCPW'}
WARNING:root:{'info': 'unparsed', 'stock': 'SQZZ'}
WARNING:root:{'error': HTTPError(), 'page_url': 'https://query1.finance.yahoo.com/v8/finance/chart/ABEOW?range=1d&interval=1m'}
WARNING:root:{'info': 'unparsed', 'stock': 'ABEOW'}
WARNING:root:{'error': HTTPError(), 'page_url': 'https://query1.finance.yahoo.com/v8/finance/chart/ADXSW?range=1d&interval=1m'}
WARNING:root:{'info': 'unparsed', 'stock': 'ADXSW'}
WARNING:root:{'error': HTTPError(), 'page_url': 'https://query1.finance.yahoo.com/v8/finance/chart/CETXW?range=1d&interval=1m'}
WARNING:root:{'info': 'unparsed', 'stock': 'AGFSW'}
WARNING:root:{'error': HTTPError(), 'page_url': 'https://query1.finance.yahoo.com/v8/finance/chart/CERCW?range=1d&interval=1m'}
WARNING:root:{'info': 'unparsed', 'stock': 'SWIN'}
WARNING:root:{'info': 'unparsed', 'stock': 'AMBCW'}
WARNING:root:{'info': 'unparsed', 'stock': 'AYA'}
WARNING:root:{'info': 'unparsed', 'stock': 'ANDAU'}
WARNING:root:{'info': 'unparsed', 'stock': 'ANDAR'}
WARNING:root:{'info': 'unparsed', 'stock': 'ANDA'}
WARNING:root:{'error': HTTPError(), 'page_url': 'https://query1.finance.yahoo.com/v8/finance/chart/ANDAW?range=1d&interval=1m'}
WARNING:root:{'info': 'unparsed', 'stock': 'ANDAW'}
WARNING:root:{'error': HTTPError(), 'page_url': 'https://query1.finance.yahoo.com/v8/finance/chart/APDNW?range=1d&interval=1m'}
WARNING:root:{'info': 'unparsed', 'stock': 'APDNW'}
WARNING:root:{'info': 'unparsed', 'stock': 'DWAT'}
WARNING:root:{'info': 'unparsed', 'stock': 'AAPC'}
WARNING:root:{'info': 'unparsed', 'stock': 'AAME'}
WARNING:root:{'info': 'unparsed', 'stock': 'AFHBL'}
WARNING:root:{'info': 'unparsed', 'stock': 'AUBN'}
WARNING:root:{'info': 'unparsed', 'stock': 'AHPA'}
WARNING:root:{'error': HTTPError(), 'page_url': 'https://query1.finance.yahoo.com/v8/finance/chart/AXARW?range=1d&interval=1m'}
WARNING:root:{'info': 'unparsed', 'stock': 'AXARW'}
WARNING:root:{'info': 'unparsed', 'stock': 'AXAR'}
WARNING:root:{'error': HTTPError(), 'page_url': 'https://query1.finance.yahoo.com/v8/finance/chart/AHPAW?range=1d&interval=1m'}
WARNING:root:{'info': 'unparsed', 'stock': 'AHPAW'}
WARNING:root:{'info': 'unparsed', 'stock': 'AXARU'}
WARNING:root:{'info': 'unparsed', 'stock': 'BCOM'}
WARNING:root:{'info': 'unparsed', 'stock': 'BANFP'}
WARNING:root:{'info': 'unparsed', 'stock': 'BOTJ'}
WARNING:root:{'info': 'unparsed', 'stock': 'BMLP'}
WARNING:root:{'info': 'unparsed', 'stock': 'BHAC'}
WARNING:root:{'info': 'unparsed', 'stock': 'BHACU'}
WARNING:root:{'info': 'unparsed', 'stock': 'BHACR'}
WARNING:root:{'error': HTTPError(), 'page_url': 'https://query1.finance.yahoo.com/v8/finance/chart/BHACW?range=1d&interval=1m'}
WARNING:root:{'info': 'unparsed', 'stock': 'BHACW'}
WARNING:root:{'error': HTTPError(), 'page_url': 'https://query1.finance.yahoo.com/v8/finance/chart/BNTCW?range=1d&interval=1m'}
WARNING:root:{'info': 'unparsed', 'stock': 'BNTCW'}
WARNING:root:{'error': HTTPError(), 'page_url': 'https://query1.finance.yahoo.com/v8/finance/chart/BVXVW?range=1d&interval=1m'}
WARNING:root:{'info': 'unparsed', 'stock': 'BVXVW'}
WARNING:root:{'error': HTTPError(), 'page_url': 'https://query1.finance.yahoo.com/v8/finance/chart/BOLT?range=1d&interval=1m'}
WARNING:root:{'info': 'unparsed', 'stock': 'BOLT'}
WARNING:root:{'info': 'unparsed', 'stock': 'BCACU'}
WARNING:root:{'error': HTTPError(), 'page_url': 'https://query1.finance.yahoo.com/v8/finance/chart/BCACW?range=1d&interval=1m'}
WARNING:root:{'info': 'unparsed', 'stock': 'BCACW'}
WARNING:root:{'info': 'unparsed', 'stock': 'ADRU'}
WARNING:root:{'info': 'unparsed', 'stock': 'ADRA'}
WARNING:root:{'info': 'unparsed', 'stock': 'BPFHW'}
WARNING:root:{'error': HTTPError(), 'page_url': 'https://query1.finance.yahoo.com/v8/finance/chart/BOXL?range=1d&interval=1m'}
WARNING:root:{'info': 'unparsed', 'stock': 'BOXL'}
WARNING:root:{'error': HTTPError(), 'page_url': 'https://query1.finance.yahoo.com/v8/finance/chart/BLVDW?range=1d&interval=1m'}
WARNING:root:{'info': 'unparsed', 'stock': 'BLVDW'}
WARNING:root:{'error': HTTPError(), 'page_url': 'https://query1.finance.yahoo.com/v8/finance/chart/BBRX?range=1d&interval=1m'}
WARNING:root:{'info': 'unparsed', 'stock': 'BBRX'}
WARNING:root:{'info': 'unparsed', 'stock': 'BVSN'}
WARNING:root:{'info': 'unparsed', 'stock': 'BMLA'}
WARNING:root:{'info': 'unparsed', 'stock': 'CFNB'}
WARNING:root:{'info': 'unparsed', 'stock': 'CATYW'}
WARNING:root:{'error': HTTPError(), 'page_url': 'https://query1.finance.yahoo.com/v8/finance/chart/APOPW?range=1d&interval=1m'}
WARNING:root:{'info': 'unparsed', 'stock': 'APOPW'}
WARNING:root:{'error': HTTPError(), 'page_url': 'https://query1.finance.yahoo.com/v8/finance/chart/CLRBW?range=1d&interval=1m'}
WARNING:root:{'info': 'unparsed', 'stock': 'CLRBW'}
WARNING:root:{'error': HTTPError(), 'page_url': 'https://query1.finance.yahoo.com/v8/finance/chart/CETXW?range=1d&interval=1m'}
WARNING:root:{'info': 'unparsed', 'stock': 'CETXW'}
WARNING:root:{'error': HTTPError(), 'page_url': 'https://query1.finance.yahoo.com/v8/finance/chart/CERCW?range=1d&interval=1m'}
WARNING:root:{'info': 'unparsed', 'stock': 'CERCW'}
WARNING:root:{'error': HTTPError(), 'page_url': 'https://query1.finance.yahoo.com/v8/finance/chart/CFCOW?range=1d&interval=1m'}
WARNING:root:{'info': 'unparsed', 'stock': 'CFCOW'}
WARNING:root:{'error': HTTPError(), 'page_url': 'https://query1.finance.yahoo.com/v8/finance/chart/CHEKW?range=1d&interval=1m'}
WARNING:root:{'info': 'unparsed', 'stock': 'CHEKW'}
WARNING:root:{'info': 'unparsed', 'stock': 'CIVBP'}
WARNING:root:{'info': 'unparsed', 'stock': 'CIZN'}
WARNING:root:{'info': 'unparsed', 'stock': 'CACG'}
WARNING:root:{'info': 'unparsed', 'stock': 'LRGE'}
WARNING:root:{'error': HTTPError(), 'page_url': 'https://query1.finance.yahoo.com/v8/finance/chart/CLIRW?range=1d&interval=1m'}
WARNING:root:{'info': 'unparsed', 'stock': 'CLIRW'}
WARNING:root:{'error': HTTPError(), 'page_url': 'https://query1.finance.yahoo.com/v8/finance/chart/CBMXW?range=1d&interval=1m'}
WARNING:root:{'info': 'unparsed', 'stock': 'CBMXW'}
WARNING:root:{'error': SSLError('The read operation timed out',), 'page_url': 'https://query1.finance.yahoo.com/v8/finance/chart/ACFC?range=1d&interval=1m'}
WARNING:root:{'info': 'unparsed', 'stock': 'ACFC'}
WARNING:root:{'error': HTTPError(), 'page_url': 'https://query1.finance.yahoo.com/v8/finance/chart/CCFI?range=1d&interval=1m'}
WARNING:root:{'info': 'unparsed', 'stock': 'CCFI'}
WARNING:root:{'info': 'unparsed', 'stock': 'CFBI'}
WARNING:root:{'info': 'unparsed', 'stock': 'CNFR'}
WARNING:root:{'info': 'unparsed', 'stock': 'COVS'}
WARNING:root:{'info': 'unparsed', 'stock': 'COWNL'}
WARNING:root:{'error': HTTPError(), 'page_url': 'https://query1.finance.yahoo.com/v8/finance/chart/CYRXW?range=1d&interval=1m'}
WARNING:root:{'info': 'unparsed', 'stock': 'CYRXW'}
WARNING:root:{'info': 'unparsed', 'stock': 'CTIB'}
WARNING:root:{'info': 'unparsed', 'stock': 'CYCCP'}
WARNING:root:{'error': HTTPError(), 'page_url': 'https://query1.finance.yahoo.com/v8/finance/chart/CYTXW?range=1d&interval=1m'}
WARNING:root:{'info': 'unparsed', 'stock': 'CYTXW'}
WARNING:root:{'error': HTTPError(), 'page_url': 'https://query1.finance.yahoo.com/v8/finance/chart/DRIOW?range=1d&interval=1m'}
WARNING:root:{'info': 'unparsed', 'stock': 'DRIOW'}
WARNING:root:{'error': HTTPError(), 'page_url': 'https://query1.finance.yahoo.com/v8/finance/chart/DSKEW?range=1d&interval=1m'}
WARNING:root:{'info': 'unparsed', 'stock': 'DSKEW'}
WARNING:root:{'error': HTTPError(), 'page_url': 'https://query1.finance.yahoo.com/v8/finance/chart/TACOW?range=1d&interval=1m'}
WARNING:root:{'info': 'unparsed', 'stock': 'TACOW'}
WARNING:root:{'error': HTTPError(), 'page_url': 'https://query1.finance.yahoo.com/v8/finance/chart/DELTW?range=1d&interval=1m'}
WARNING:root:{'info': 'unparsed', 'stock': 'DELTW'}
WARNING:root:{'info': 'unparsed', 'stock': 'DISCB'}
WARNING:root:{'error': HTTPError(), 'page_url': 'https://query1.finance.yahoo.com/v8/finance/chart/EAGLW?range=1d&interval=1m'}
WARNING:root:{'info': 'unparsed', 'stock': 'EAGLW'}
WARNING:root:{'error': HTTPError(), 'page_url': 'https://query1.finance.yahoo.com/v8/finance/chart/DRWI?range=1d&interval=1m'}
WARNING:root:{'info': 'unparsed', 'stock': 'DRWI'}
WARNING:root:{'info': 'unparsed', 'stock': 'EAGL'}
WARNING:root:{'info': 'unparsed', 'stock': 'EACQU'}
WARNING:root:{'info': 'unparsed', 'stock': 'EVSTC'}
WARNING:root:{'error': HTTPError(), 'page_url': 'https://query1.finance.yahoo.com/v8/finance/chart/IGLE?range=1d&interval=1m'}
WARNING:root:{'info': 'unparsed', 'stock': 'IGLE'}
WARNING:root:{'error': HTTPError(), 'page_url': 'https://query1.finance.yahoo.com/v8/finance/chart/EACQW?range=1d&interval=1m'}
WARNING:root:{'info': 'unparsed', 'stock': 'EACQW'}
WARNING:root:{'info': 'unparsed', 'stock': 'EMITF'}
WARNING:root:{'info': 'unparsed', 'stock': 'ELEC'}
WARNING:root:{'error': HTTPError(), 'page_url': 'https://query1.finance.yahoo.com/v8/finance/chart/ELECW?range=1d&interval=1m'}
WARNING:root:{'info': 'unparsed', 'stock': 'ELECW'}
WARNING:root:{'info': 'unparsed', 'stock': 'DWAC'}
WARNING:root:{'error': HTTPError(), 'page_url': 'https://query1.finance.yahoo.com/v8/finance/chart/NDRAW?range=1d&interval=1m'}
WARNING:root:{'info': 'unparsed', 'stock': 'NDRAW'}
WARNING:root:{'error': HTTPError(), 'page_url': 'https://query1.finance.yahoo.com/v8/finance/chart/EHR?range=1d&interval=1m'}
WARNING:root:{'info': 'unparsed', 'stock': 'EHR'}
WARNING:root:{'error': HTTPError(), 'page_url': 'https://query1.finance.yahoo.com/v8/finance/chart/XELAW?range=1d&interval=1m'}
WARNING:root:{'info': 'unparsed', 'stock': 'XELAW'}
WARNING:root:{'error': HTTPError(), 'page_url': 'https://query1.finance.yahoo.com/v8/finance/chart/XELAU?range=1d&interval=1m'}
WARNING:root:{'info': 'unparsed', 'stock': 'XELAU'}
WARNING:root:{'error': HTTPError(), 'page_url': 'https://query1.finance.yahoo.com/v8/finance/chart/EYEGW?range=1d&interval=1m'}
WARNING:root:{'info': 'unparsed', 'stock': 'EYEGW'}
WARNING:root:{'info': 'unparsed', 'stock': 'FNTEU'}
WARNING:root:{'error': HTTPError(), 'page_url': 'https://query1.finance.yahoo.com/v8/finance/chart/FNTEW?range=1d&interval=1m'}
WARNING:root:{'info': 'unparsed', 'stock': 'FNTEW'}
WARNING:root:{'info': 'unparsed', 'stock': 'FFBCW'}
WARNING:root:{'info': 'unparsed', 'stock': 'FCAN'}
WARNING:root:{'info': 'unparsed', 'stock': 'FDTS'}
WARNING:root:{'info': 'unparsed', 'stock': 'RNEM'}
WARNING:root:{'info': 'unparsed', 'stock': 'FTRI'}
WARNING:root:{'info': 'unparsed', 'stock': 'RNLC'}
WARNING:root:{'info': 'unparsed', 'stock': 'FTXN'}
WARNING:root:{'info': 'unparsed', 'stock': 'FTXD'}
WARNING:root:{'info': 'unparsed', 'stock': 'FONE'}
WARNING:root:{'info': 'unparsed', 'stock': 'FTXR'}
WARNING:root:{'info': 'unparsed', 'stock': 'RNSC'}
WARNING:root:{'info': 'unparsed', 'stock': 'FTXG'}
WARNING:root:{'info': 'unparsed', 'stock': 'QLC'}
WARNING:root:{'info': 'unparsed', 'stock': 'ESG'}
WARNING:root:{'info': 'unparsed', 'stock': 'FNBG'}
WARNING:root:{'info': 'unparsed', 'stock': 'FORTY'}
WARNING:root:{'error': HTTPError(), 'page_url': 'https://query1.finance.yahoo.com/v8/finance/chart/FMCIW?range=1d&interval=1m'}
WARNING:root:{'info': 'unparsed', 'stock': 'FMCIW'}
WARNING:root:{'error': HTTPError(), 'page_url': 'https://query1.finance.yahoo.com/v8/finance/chart/FKLY?range=1d&interval=1m'}
WARNING:root:{'info': 'unparsed', 'stock': 'FKLY'}
WARNING:root:{'info': 'unparsed', 'stock': 'FTEO'}
WARNING:root:{'error': HTTPError(), 'page_url': 'https://query1.finance.yahoo.com/v8/finance/chart/FKLYU?range=1d&interval=1m'}
WARNING:root:{'info': 'unparsed', 'stock': 'FKLYU'}
WARNING:root:{'error': HTTPError(), 'page_url': 'https://query1.finance.yahoo.com/v8/finance/chart/FMAX?range=1d&interval=1m'}
WARNING:root:{'info': 'unparsed', 'stock': 'FMAX'}
WARNING:root:{'info': 'unparsed', 'stock': 'FFHL'}
WARNING:root:{'info': 'unparsed', 'stock': 'FOANC'}
WARNING:root:{'info': 'unparsed', 'stock': 'MOGLC'}
WARNING:root:{'error': HTTPError(), 'page_url': 'https://query1.finance.yahoo.com/v8/finance/chart/GNST?range=1d&interval=1m'}
WARNING:root:{'info': 'unparsed', 'stock': 'GNST'}
WARNING:root:{'info': 'unparsed', 'stock': 'GFNCP'}
WARNING:root:{'error': HTTPError(), 'page_url': 'https://query1.finance.yahoo.com/v8/finance/chart/GPACW?range=1d&interval=1m'}
WARNING:root:{'info': 'unparsed', 'stock': 'GPACW'}
WARNING:root:{'info': 'unparsed', 'stock': 'BFIT'}
WARNING:root:{'info': 'unparsed', 'stock': 'ACTX'}
WARNING:root:{'info': 'unparsed', 'stock': 'GPAC'}
WARNING:root:{'info': 'unparsed', 'stock': 'GPACU'}
WARNING:root:{'info': 'unparsed', 'stock': 'GSHT'}
WARNING:root:{'error': HTTPError(), 'page_url': 'https://query1.finance.yahoo.com/v8/finance/chart/GPIAW?range=1d&interval=1m'}
WARNING:root:{'info': 'unparsed', 'stock': 'GPIAW'}
WARNING:root:{'info': 'unparsed', 'stock': 'GPIA'}
WARNING:root:{'error': HTTPError(), 'page_url': 'https://query1.finance.yahoo.com/v8/finance/chart/GSHTW?range=1d&interval=1m'}
WARNING:root:{'info': 'unparsed', 'stock': 'GSHTW'}
WARNING:root:{'error': HTTPError(), 'page_url': 'https://query1.finance.yahoo.com/v8/finance/chart/GTYHW?range=1d&interval=1m'}
WARNING:root:{'info': 'unparsed', 'stock': 'GTYHW'}
WARNING:root:{'info': 'unparsed', 'stock': 'GWGH'}
WARNING:root:{'info': 'unparsed', 'stock': 'HRMNU'}
WARNING:root:{'error': HTTPError(), 'page_url': 'https://query1.finance.yahoo.com/v8/finance/chart/HRMNW?range=1d&interval=1m'}
WARNING:root:{'info': 'unparsed', 'stock': 'HRMNW'}
WARNING:root:{'info': 'unparsed', 'stock': 'HRMN'}
WARNING:root:{'info': 'unparsed', 'stock': 'HMTA'}
WARNING:root:{'info': 'unparsed', 'stock': 'HFBC'}
WARNING:root:{'error': HTTPError(), 'page_url': 'https://query1.finance.yahoo.com/v8/finance/chart/TWNKW?range=1d&interval=1m'}
WARNING:root:{'info': 'unparsed', 'stock': 'TWNKW'}
WARNING:root:{'error': HTTPError(), 'page_url': 'https://query1.finance.yahoo.com/v8/finance/chart/HUNTW?range=1d&interval=1m'}
WARNING:root:{'info': 'unparsed', 'stock': 'HUNTW'}
WARNING:root:{'info': 'unparsed', 'stock': 'HUNTU'}
WARNING:root:{'info': 'unparsed', 'stock': 'HUNT'}
WARNING:root:{'info': 'unparsed', 'stock': 'HVBC'}
WARNING:root:{'info': 'unparsed', 'stock': 'ICCH'}
WARNING:root:{'info': 'unparsed', 'stock': 'IROQ'}
WARNING:root:{'error': HTTPError(), 'page_url': 'https://query1.finance.yahoo.com/v8/finance/chart/IMRNW?range=1d&interval=1m'}
WARNING:root:{'info': 'unparsed', 'stock': 'IMRNW'}
WARNING:root:{'info': 'unparsed', 'stock': 'INNL'}
WARNING:root:{'info': 'unparsed', 'stock': 'DFVS'}
WARNING:root:{'info': 'unparsed', 'stock': 'DTYL'}
WARNING:root:{'info': 'unparsed', 'stock': 'DFVL'}
WARNING:root:{'info': 'unparsed', 'stock': 'DTUL'}
WARNING:root:{'info': 'unparsed', 'stock': 'DLBL'}
WARNING:root:{'info': 'unparsed', 'stock': 'FLAT'}
WARNING:root:{'info': 'unparsed', 'stock': 'STPP'}
WARNING:root:{'info': 'unparsed', 'stock': 'IRDMB'}
WARNING:root:{'info': 'unparsed', 'stock': 'PMPT'}
WARNING:root:{'info': 'unparsed', 'stock': 'SUSC'}
WARNING:root:{'info': 'unparsed', 'stock': 'SUSB'}
WARNING:root:{'info': 'unparsed', 'stock': 'ESGU'}
WARNING:root:{'info': 'unparsed', 'stock': 'IVENC'}
WARNING:root:{'error': HTTPError(), 'page_url': 'https://query1.finance.yahoo.com/v8/finance/chart/IVFVC?range=1d&interval=1m'}
WARNING:root:{'info': 'unparsed', 'stock': 'IVFVC'}
WARNING:root:{'info': 'unparsed', 'stock': 'MAYS'}
WARNING:root:{'error': HTTPError(), 'page_url': 'https://query1.finance.yahoo.com/v8/finance/chart/IVFGC?range=1d&interval=1m'}
WARNING:root:{'info': 'unparsed', 'stock': 'IVFGC'}
WARNING:root:{'info': 'unparsed', 'stock': 'JXSB'}
WARNING:root:{'info': 'unparsed', 'stock': 'JSYNR'}
WARNING:root:{'info': 'unparsed', 'stock': 'JCTCF'}
WARNING:root:{'info': 'unparsed', 'stock': 'JSYNU'}
WARNING:root:{'error': HTTPError(), 'page_url': 'https://query1.finance.yahoo.com/v8/finance/chart/JSYNW?range=1d&interval=1m'}
WARNING:root:{'info': 'unparsed', 'stock': 'JSYNW'}
WARNING:root:{'error': HTTPError(), 'page_url': 'https://query1.finance.yahoo.com/v8/finance/chart/JASNW?range=1d&interval=1m'}
WARNING:root:{'info': 'unparsed', 'stock': 'JASNW'}
WARNING:root:{'info': 'unparsed', 'stock': 'WYIG'}
WARNING:root:{'error': HTTPError(), 'page_url': 'https://query1.finance.yahoo.com/v8/finance/chart/WYIGW?range=1d&interval=1m'}
WARNING:root:{'info': 'unparsed', 'stock': 'WYIGW'}
WARNING:root:{'info': 'unparsed', 'stock': 'WYIGU'}
WARNING:root:{'info': 'unparsed', 'stock': 'KAAC'}
WARNING:root:{'info': 'unparsed', 'stock': 'KBLM'}
WARNING:root:{'error': HTTPError(), 'page_url': 'https://query1.finance.yahoo.com/v8/finance/chart/KAACW?range=1d&interval=1m'}
WARNING:root:{'info': 'unparsed', 'stock': 'KAACW'}
WARNING:root:{'info': 'unparsed', 'stock': 'KBLMR'}
WARNING:root:{'error': HTTPError(), 'page_url': 'https://query1.finance.yahoo.com/v8/finance/chart/KBLMW?range=1d&interval=1m'}
WARNING:root:{'info': 'unparsed', 'stock': 'KBLMW'}
WARNING:root:{'info': 'unparsed', 'stock': 'KELYB'}
WARNING:root:{'error': HTTPError(), 'page_url': 'https://query1.finance.yahoo.com/v8/finance/chart/KTOVW?range=1d&interval=1m'}
WARNING:root:{'info': 'unparsed', 'stock': 'KTOVW'}
WARNING:root:{'info': 'unparsed', 'stock': 'LSBK'}
WARNING:root:{'info': 'unparsed', 'stock': 'LCAHU'}
WARNING:root:{'error': HTTPError(), 'page_url': 'https://query1.finance.yahoo.com/v8/finance/chart/LCAHW?range=1d&interval=1m'}
WARNING:root:{'info': 'unparsed', 'stock': 'LCAHW'}
WARNING:root:{'info': 'unparsed', 'stock': 'LCA'}
WARNING:root:{'info': 'unparsed', 'stock': 'LBTYB'}
WARNING:root:{'info': 'unparsed', 'stock': 'LVNTB'}
WARNING:root:{'info': 'unparsed', 'stock': 'QVCB'}
WARNING:root:{'info': 'unparsed', 'stock': 'LSXMB'}
WARNING:root:{'info': 'unparsed', 'stock': 'LTRPB'}
WARNING:root:{'error': HTTPError(), 'page_url': 'https://query1.finance.yahoo.com/v8/finance/chart/LINDW?range=1d&interval=1m'}
WARNING:root:{'info': 'unparsed', 'stock': 'LINDW'}
WARNING:root:{'info': 'unparsed', 'stock': 'LMFA'}
WARNING:root:{'error': HTTPError(), 'page_url': 'https://query1.finance.yahoo.com/v8/finance/chart/LMFAW?range=1d&interval=1m'}
WARNING:root:{'info': 'unparsed', 'stock': 'LMFAW'}
WARNING:root:{'error': HTTPError(), 'page_url': 'https://query1.finance.yahoo.com/v8/finance/chart/MACQW?range=1d&interval=1m'}
WARNING:root:{'info': 'unparsed', 'stock': 'MACQW'}
WARNING:root:{'error': HTTPError(), 'page_url': 'https://query1.finance.yahoo.com/v8/finance/chart/MIIIW?range=1d&interval=1m'}
WARNING:root:{'info': 'unparsed', 'stock': 'MIIIW'}
WARNING:root:{'error': HTTPError(), 'page_url': 'https://query1.finance.yahoo.com/v8/finance/chart/MAPI?range=1d&interval=1m'}
WARNING:root:{'info': 'unparsed', 'stock': 'MAPI'}
WARNING:root:{'error': HTTPError(), 'page_url': 'https://query1.finance.yahoo.com/v8/finance/chart/MPACW?range=1d&interval=1m'}
WARNING:root:{'info': 'unparsed', 'stock': 'MPACW'}
WARNING:root:{'error': HTTPError(), 'page_url': 'https://query1.finance.yahoo.com/v8/finance/chart/MDVXW?range=1d&interval=1m'}
WARNING:root:{'info': 'unparsed', 'stock': 'MDVXW'}
WARNING:root:{'error': HTTPError(), 'page_url': 'https://query1.finance.yahoo.com/v8/finance/chart/MRDNW?range=1d&interval=1m'}
WARNING:root:{'info': 'unparsed', 'stock': 'MRDNW'}
WARNING:root:{'error': HTTPError(), 'page_url': 'https://query1.finance.yahoo.com/v8/finance/chart/MICTW?range=1d&interval=1m'}
WARNING:root:{'info': 'unparsed', 'stock': 'MICTW'}
WARNING:root:{'info': 'unparsed', 'stock': 'MPB'}
WARNING:root:{'error': HTTPError(), 'page_url': 'https://query1.finance.yahoo.com/v8/finance/chart/MMDMW?range=1d&interval=1m'}
WARNING:root:{'info': 'unparsed', 'stock': 'MMDMW'}
WARNING:root:{'error': HTTPError(), 'page_url': 'https://query1.finance.yahoo.com/v8/finance/chart/MOTA?range=1d&interval=1m'}
WARNING:root:{'info': 'unparsed', 'stock': 'MOTA'}
WARNING:root:{'info': 'unparsed', 'stock': 'MOTAW'}
WARNING:root:{'error': HTTPError(), 'page_url': 'https://query1.finance.yahoo.com/v8/finance/chart/MSDIW?range=1d&interval=1m'}
WARNING:root:{'info': 'unparsed', 'stock': 'MSDIW'}
WARNING:root:{'error': HTTPError(), 'page_url': 'https://query1.finance.yahoo.com/v8/finance/chart/MTFBW?range=1d&interval=1m'}
WARNING:root:{'info': 'unparsed', 'stock': 'MTFBW'}
WARNING:root:{'info': 'unparsed', 'stock': 'MRIC'}
WARNING:root:{'error': HTTPError(), 'page_url': 'https://query1.finance.yahoo.com/v8/finance/chart/MYNDW?range=1d&interval=1m'}
WARNING:root:{'info': 'unparsed', 'stock': 'MYNDW'}
WARNING:root:{'error': HTTPError(), 'page_url': 'https://query1.finance.yahoo.com/v8/finance/chart/NESRW?range=1d&interval=1m'}
WARNING:root:{'info': 'unparsed', 'stock': 'NESRW'}
WARNING:root:{'error': HTTPError(), 'page_url': 'https://query1.finance.yahoo.com/v8/finance/chart/NHLDW?range=1d&interval=1m'}
WARNING:root:{'info': 'unparsed', 'stock': 'NHLDW'}
WARNING:root:{'info': 'unparsed', 'stock': 'NBCP'}
WARNING:root:{'error': HTTPError(), 'page_url': 'https://query1.finance.yahoo.com/v8/finance/chart/NUROW?range=1d&interval=1m'}
WARNING:root:{'info': 'unparsed', 'stock': 'NUROW'}
WARNING:root:{'error': HTTPError(), 'page_url': 'https://query1.finance.yahoo.com/v8/finance/chart/NXEOW?range=1d&interval=1m'}
WARNING:root:{'info': 'unparsed', 'stock': 'NXEOW'}
WARNING:root:{'info': 'unparsed', 'stock': 'NVLS'}
WARNING:root:{'info': 'unparsed', 'stock': 'NVET'}
WARNING:root:{'info': 'unparsed', 'stock': 'NSYS'}
WARNING:root:{'error': HTTPError(), 'page_url': 'https://query1.finance.yahoo.com/v8/finance/chart/NXTDW?range=1d&interval=1m'}
WARNING:root:{'info': 'unparsed', 'stock': 'NXTDW'}
WARNING:root:{'info': 'unparsed', 'stock': 'OVLY'}
WARNING:root:{'info': 'unparsed', 'stock': 'OVBC'}
WARNING:root:{'error': HTTPError(), 'page_url': 'https://query1.finance.yahoo.com/v8/finance/chart/ONSIW?range=1d&interval=1m'}
WARNING:root:{'info': 'unparsed', 'stock': 'ONSIW'}
WARNING:root:{'info': 'unparsed', 'stock': 'OGXI'}
WARNING:root:{'error': HTTPError(), 'page_url': 'https://query1.finance.yahoo.com/v8/finance/chart/ONTXW?range=1d&interval=1m'}
WARNING:root:{'info': 'unparsed', 'stock': 'ONTXW'}
WARNING:root:{'error': HTTPError(), 'page_url': 'https://query1.finance.yahoo.com/v8/finance/chart/OPXAW?range=1d&interval=1m'}
WARNING:root:{'info': 'unparsed', 'stock': 'OPXAW'}
WARNING:root:{'error': HTTPError(), 'page_url': 'https://query1.finance.yahoo.com/v8/finance/chart/OPGNW?range=1d&interval=1m'}
WARNING:root:{'info': 'unparsed', 'stock': 'OPGNW'}
WARNING:root:{'error': HTTPError(), 'page_url': 'https://query1.finance.yahoo.com/v8/finance/chart/OACQW?range=1d&interval=1m'}
WARNING:root:{'info': 'unparsed', 'stock': 'OACQW'}
WARNING:root:{'info': 'unparsed', 'stock': 'OACQU'}
WARNING:root:{'error': HTTPError(), 'page_url': 'https://query1.finance.yahoo.com/v8/finance/chart/OSPR?range=1d&interval=1m'}
WARNING:root:{'info': 'unparsed', 'stock': 'OSPR'}
WARNING:root:{'error': HTTPError(), 'page_url': 'https://query1.finance.yahoo.com/v8/finance/chart/OTG?range=1d&interval=1m'}
WARNING:root:{'info': 'unparsed', 'stock': 'OTG'}
WARNING:root:{'error': HTTPError(), 'page_url': 'https://query1.finance.yahoo.com/v8/finance/chart/OXBRW?range=1d&interval=1m'}
WARNING:root:{'info': 'unparsed', 'stock': 'OXBRW'}
WARNING:root:{'info': 'unparsed', 'stock': 'PAACU'}
WARNING:root:{'error': HTTPError(), 'page_url': 'https://query1.finance.yahoo.com/v8/finance/chart/PAACW?range=1d&interval=1m'}
WARNING:root:{'info': 'unparsed', 'stock': 'PAACW'}
WARNING:root:{'info': 'unparsed', 'stock': 'PNBK'}
WARNING:root:{'error': HTTPError(), 'page_url': 'https://query1.finance.yahoo.com/v8/finance/chart/PAVMW?range=1d&interval=1m'}
WARNING:root:{'info': 'unparsed', 'stock': 'PAVMW'}
WARNING:root:{'info': 'unparsed', 'stock': 'PFBX'}
WARNING:root:{'info': 'unparsed', 'stock': 'DWLV'}
WARNING:root:{'info': 'unparsed', 'stock': 'LALT'}
WARNING:root:{'info': 'unparsed', 'stock': 'PY'}
WARNING:root:{'info': 'unparsed', 'stock': 'PSC'}
WARNING:root:{'info': 'unparsed', 'stock': 'PSET'}
WARNING:root:{'info': 'unparsed', 'stock': 'PNRG'}
WARNING:root:{'info': 'unparsed', 'stock': 'BTEC'}
WARNING:root:{'info': 'unparsed', 'stock': 'FINQ'}
WARNING:root:{'info': 'unparsed', 'stock': 'QADB'}
WARNING:root:{'info': 'unparsed', 'stock': 'RDIB'}
WARNING:root:{'error': HTTPError(), 'page_url': 'https://query1.finance.yahoo.com/v8/finance/chart/RSAS?range=1d&interval=1m'}
WARNING:root:{'info': 'unparsed', 'stock': 'RSAS'}
WARNING:root:{'info': 'unparsed', 'stock': 'RBIO'}
WARNING:root:{'info': 'unparsed', 'stock': 'NAME'}
WARNING:root:{'error': HTTPError(), 'page_url': 'https://query1.finance.yahoo.com/v8/finance/chart/RIBTW?range=1d&interval=1m'}
WARNING:root:{'info': 'unparsed', 'stock': 'RIBTW'}
WARNING:root:{'error': HTTPError(), 'page_url': 'https://query1.finance.yahoo.com/v8/finance/chart/ROSEW?range=1d&interval=1m'}
WARNING:root:{'info': 'unparsed', 'stock': 'ROSEW'}
WARNING:root:{'info': 'unparsed', 'stock': 'ROSEU'}
WARNING:root:{'error': HTTPError(), 'page_url': 'https://query1.finance.yahoo.com/v8/finance/chart/RXIIW?range=1d&interval=1m'}
WARNING:root:{'info': 'unparsed', 'stock': 'RXIIW'}
WARNING:root:{'info': 'unparsed', 'stock': 'SCACU'}
WARNING:root:{'info': 'unparsed', 'stock': 'SCAC'}
WARNING:root:{'error': HTTPError(), 'page_url': 'https://query1.finance.yahoo.com/v8/finance/chart/SCACW?range=1d&interval=1m'}
WARNING:root:{'info': 'unparsed', 'stock': 'SCACW'}
WARNING:root:{'info': 'unparsed', 'stock': 'SBFGP'}
WARNING:root:{'error': HTTPError(), 'page_url': 'https://query1.finance.yahoo.com/v8/finance/chart/SHIPW?range=1d&interval=1m'}
WARNING:root:{'info': 'unparsed', 'stock': 'SHIPW'}
WARNING:root:{'info': 'unparsed', 'stock': 'SHLDW'}
WARNING:root:{'error': HTTPError(), 'page_url': 'https://query1.finance.yahoo.com/v8/finance/chart/EYESW?range=1d&interval=1m'}
WARNING:root:{'info': 'unparsed', 'stock': 'EYESW'}
WARNING:root:{'error': HTTPError(), 'page_url': 'https://query1.finance.yahoo.com/v8/finance/chart/SRTSW?range=1d&interval=1m'}
WARNING:root:{'info': 'unparsed', 'stock': 'SRTSW'}
WARNING:root:{'info': 'unparsed', 'stock': 'SENEB'}
WARNING:root:{'info': 'unparsed', 'stock': 'SVBI'}
WARNING:root:{'error': HTTPError(), 'page_url': 'https://query1.finance.yahoo.com/v8/finance/chart/SCCI?range=1d&interval=1m'}
WARNING:root:{'info': 'unparsed', 'stock': 'SCCI'}
WARNING:root:{'info': 'unparsed', 'stock': 'SBNYW'}
WARNING:root:{'error': HTTPError(), 'page_url': 'https://query1.finance.yahoo.com/v8/finance/chart/SGLBW?range=1d&interval=1m'}
WARNING:root:{'info': 'unparsed', 'stock': 'SGLBW'}
WARNING:root:{'info': 'unparsed', 'stock': 'SSRI'}
WARNING:root:{'error': HTTPError(), 'page_url': 'https://query1.finance.yahoo.com/v8/finance/chart/SRUNW?range=1d&interval=1m'}
WARNING:root:{'info': 'unparsed', 'stock': 'SRUNW'}
WARNING:root:{'info': 'unparsed', 'stock': 'SRVA'}
WARNING:root:{'error': HTTPError(), 'page_url': 'https://query1.finance.yahoo.com/v8/finance/chart/SLNOW?range=1d&interval=1m'}
WARNING:root:{'info': 'unparsed', 'stock': 'SLNOW'}
WARNING:root:{'error': HTTPError(), 'page_url': 'https://query1.finance.yahoo.com/v8/finance/chart/SNGXW?range=1d&interval=1m'}
WARNING:root:{'info': 'unparsed', 'stock': 'SNGXW'}
WARNING:root:{'error': HTTPError(), 'page_url': 'https://query1.finance.yahoo.com/v8/finance/chart/SNOAW?range=1d&interval=1m'}
WARNING:root:{'info': 'unparsed', 'stock': 'SNOAW'}
WARNING:root:{'info': 'unparsed', 'stock': 'SFBC'}
WARNING:root:{'info': 'unparsed', 'stock': 'SGRP'}
WARNING:root:{'error': HTTPError(), 'page_url': 'https://query1.finance.yahoo.com/v8/finance/chart/STLRW?range=1d&interval=1m'}
WARNING:root:{'info': 'unparsed', 'stock': 'STLRW'}
WARNING:root:{'info': 'unparsed', 'stock': 'STLR'}
WARNING:root:{'info': 'unparsed', 'stock': 'STLRU'}
WARNING:root:{'info': 'unparsed', 'stock': 'SSFN'}
WARNING:root:{'info': 'unparsed', 'stock': 'TCBIW'}
WARNING:root:{'info': 'unparsed', 'stock': 'INTG'}
WARNING:root:{'info': 'unparsed', 'stock': 'FITS'}
WARNING:root:{'info': 'unparsed', 'stock': 'SLIM'}
WARNING:root:{'error': HTTPError(), 'page_url': 'https://query1.finance.yahoo.com/v8/finance/chart/SMPLW?range=1d&interval=1m'}
WARNING:root:{'info': 'unparsed', 'stock': 'SMPLW'}
WARNING:root:{'info': 'unparsed', 'stock': 'TIG'}
WARNING:root:{'info': 'unparsed', 'stock': 'THLD'}
WARNING:root:{'info': 'unparsed', 'stock': 'TUTI'}
WARNING:root:{'info': 'unparsed', 'stock': 'UREE'}
WARNING:root:{'info': 'unparsed', 'stock': 'UBCP'}
WARNING:root:{'info': 'unparsed', 'stock': 'UNTY'}
WARNING:root:{'info': 'unparsed', 'stock': 'VALX'}
WARNING:root:{'info': 'unparsed', 'stock': 'USATP'}
WARNING:root:{'error': HTTPError(), 'page_url': 'https://query1.finance.yahoo.com/v8/finance/chart/VEACW?range=1d&interval=1m'}
WARNING:root:{'info': 'unparsed', 'stock': 'VEACW'}
WARNING:root:{'error': HTTPError(), 'page_url': 'https://query1.finance.yahoo.com/v8/finance/chart/VMET?range=1d&interval=1m'}
WARNING:root:{'info': 'unparsed', 'stock': 'VMET'}
WARNING:root:{'info': 'unparsed', 'stock': 'VSDA'}
WARNING:root:{'error': HTTPError(), 'page_url': 'https://query1.finance.yahoo.com/v8/finance/chart/VIST?range=1d&interval=1m'}
WARNING:root:{'info': 'unparsed', 'stock': 'VIST'}
WARNING:root:{'error': HTTPError(), 'page_url': 'https://query1.finance.yahoo.com/v8/finance/chart/VKTXW?range=1d&interval=1m'}
WARNING:root:{'info': 'unparsed', 'stock': 'VKTXW'}
WARNING:root:{'info': 'unparsed', 'stock': 'WAFDW'}
WARNING:root:{'error': HTTPError(), 'page_url': 'https://query1.finance.yahoo.com/v8/finance/chart/WNFM?range=1d&interval=1m'}
WARNING:root:{'info': 'unparsed', 'stock': 'WNFM'}
WARNING:root:{'info': 'unparsed', 'stock': 'WCFB'}
WARNING:root:{'error': HTTPError(), 'page_url': 'https://query1.finance.yahoo.com/v8/finance/chart/WHLRW?range=1d&interval=1m'}
WARNING:root:{'info': 'unparsed', 'stock': 'WHLRW'}
WARNING:root:{'info': 'unparsed', 'stock': 'WINS'}
WARNING:root:{'info': 'unparsed', 'stock': 'WTFCW'}
WARNING:root:{'info': 'unparsed', 'stock': 'UBND'}
WARNING:root:{'info': 'unparsed', 'stock': 'WVFC'}
WARNING:root:{'error': HTTPError(), 'page_url': 'https://query1.finance.yahoo.com/v8/finance/chart/XGTIW?range=1d&interval=1m'}
WARNING:root:{'info': 'unparsed', 'stock': 'XGTIW'}
WARNING:root:{'info': 'unparsed', 'stock': 'XTLB'}
WARNING:root:{'error': HTTPError(), 'page_url': 'https://query1.finance.yahoo.com/v8/finance/chart/YOGA?range=1d&interval=1m'}
WARNING:root:{'info': 'unparsed', 'stock': 'YOGA'}
WARNING:root:{'error': HTTPError(), 'page_url': 'https://query1.finance.yahoo.com/v8/finance/chart/ZNWAA?range=1d&interval=1m'}
WARNING:root:{'info': 'unparsed', 'stock': 'ZNWAA'}
WARNING:root:{'info': 'unparsed', 'stock': 'ZIONW'}
WARNING:root:{'info': 'unparsed', 'stock': 'ABEOW'}
WARNING:root:{'info': 'unparsed', 'stock': 'ACCP'}
WARNING:root:{'error': HTTPError(), 'page_url': 'https://query1.finance.yahoo.com/v8/finance/chart/ACCPW?range=1d&interval=1m'}
WARNING:root:{'info': 'unparsed', 'stock': 'ACCPW'}
WARNING:root:{'info': 'unparsed', 'stock': 'SQZZ'}
WARNING:root:{'info': 'unparsed', 'stock': 'ADXSW'}
WARNING:root:{'info': 'unparsed', 'stock': 'AGFSW'}
